Base path: /Applications/Unity/Unity.app/Contents
Pipe name: \\.\pipe\UnityShaderCompiler-64bit-1-2024915712
Cmd: getPlatforms
Cmd: preprocess
  insize=2379 outsize=1092 ok=1
Cmd: compileSnippet
  api=0 type=0 insize=1589 outsize=541 kw=SOFTPARTICLES_OFF ok=1
Cmd: compileSnippet
  api=0 type=1 insize=1589 outsize=6 kw=SOFTPARTICLES_OFF ok=1
Cmd: preprocess
  insize=2237 outsize=975 ok=1
Cmd: compileSnippet
  api=0 type=0 insize=1561 outsize=615 kw=SOFTPARTICLES_OFF ok=1
Cmd: compileSnippet
  api=0 type=1 insize=1561 outsize=6 kw=SOFTPARTICLES_OFF ok=1
Cmd: preprocess
  insize=2274 outsize=1036 ok=1
Cmd: compileSnippet
  api=0 type=0 insize=1537 outsize=541 kw=SOFTPARTICLES_OFF ok=1
Cmd: compileSnippet
  api=0 type=1 insize=1537 outsize=6 kw=SOFTPARTICLES_OFF ok=1
Cmd: preprocess
  insize=637 outsize=637 ok=1
Cmd: compileSnippet
  api=0 type=0 insize=541 outsize=1893 kw=SHADOWS_DEPTH ok=1
Cmd: compileSnippet
  api=0 type=1 insize=541 outsize=6 kw=SHADOWS_DEPTH ok=1
Cmd: compileSnippet
  api=0 type=0 insize=6810 outsize=2300 kw=DIRECTIONAL SHADOWS_OFF LIGHTMAP_OFF DIRLIGHTMAP_OFF DYNAMICLIGHTMAP_OFF ok=1
Cmd: compileSnippet
  api=0 type=1 insize=6810 outsize=6 kw=DIRECTIONAL SHADOWS_OFF LIGHTMAP_OFF DIRLIGHTMAP_OFF DYNAMICLIGHTMAP_OFF ok=1
Cmd: compileSnippet
  api=0 type=0 insize=3647 outsize=1489 kw=DIRECTIONAL ok=1
Cmd: compileSnippet
  api=0 type=1 insize=3647 outsize=6 kw=DIRECTIONAL ok=1
Cmd: compileSnippet
  api=0 type=0 insize=1642 outsize=541 kw=SOFTPARTICLES_OFF ok=1
Cmd: compileSnippet
  api=0 type=1 insize=1642 outsize=6 kw=SOFTPARTICLES_OFF ok=1
Cmd: compileSnippet
  api=0 type=0 insize=751 outsize=1893 kw=SHADOWS_DEPTH ok=1
Cmd: compileSnippet
  api=0 type=1 insize=751 outsize=6 kw=SHADOWS_DEPTH ok=1
Cmd: compileSnippet
  api=0 type=0 insize=982 outsize=9902 kw=DIRECTIONAL SHADOWS_OFF LIGHTMAP_OFF DIRLIGHTMAP_OFF DYNAMICLIGHTMAP_OFF ok=1
Cmd: compileSnippet
  api=0 type=1 insize=982 outsize=6 kw=DIRECTIONAL SHADOWS_OFF LIGHTMAP_OFF DIRLIGHTMAP_OFF DYNAMICLIGHTMAP_OFF ok=1
Cmd: compileSnippet
  api=0 type=0 insize=938 outsize=5705 kw=DIRECTIONAL SHADOWS_OFF ok=1
Cmd: compileSnippet
  api=0 type=1 insize=938 outsize=6 kw=DIRECTIONAL SHADOWS_OFF ok=1
Cmd: compileSnippet
  api=0 type=0 insize=1333 outsize=1134 kw= ok=1
Cmd: compileSnippet
  api=0 type=1 insize=1333 outsize=6 kw= ok=1
Cmd: compileSnippet
  api=0 type=0 insize=1329 outsize=1129 kw= ok=1
Cmd: compileSnippet
  api=0 type=1 insize=1329 outsize=6 kw= ok=1
Cmd: compileSnippet
  api=0 type=0 insize=1329 outsize=1129 kw= ok=1
Cmd: compileSnippet
  api=0 type=1 insize=1329 outsize=6 kw= ok=1
Cmd: compileSnippet
  api=0 type=0 insize=1333 outsize=1134 kw= ok=1
Cmd: compileSnippet
  api=0 type=1 insize=1333 outsize=6 kw= ok=1
Cmd: compileSnippet
  api=0 type=0 insize=1321 outsize=1119 kw= ok=1
Cmd: compileSnippet
  api=0 type=1 insize=1321 outsize=6 kw= ok=1
Cmd: compileSnippet
  api=0 type=0 insize=1331 outsize=1129 kw= ok=1
Cmd: compileSnippet
  api=0 type=1 insize=1331 outsize=6 kw= ok=1
Cmd: compileSnippet
  api=0 type=0 insize=751 outsize=2382 kw=SHADOWS_DEPTH _ALPHABLEND_ON ok=1
Cmd: compileSnippet
  api=0 type=1 insize=751 outsize=6 kw=SHADOWS_DEPTH _ALPHABLEND_ON ok=1
Cmd: compileSnippet
  api=0 type=0 insize=982 outsize=10013 kw=DIRECTIONAL SHADOWS_OFF LIGHTMAP_OFF DIRLIGHTMAP_OFF DYNAMICLIGHTMAP_OFF _ALPHABLEND_ON ok=1
Cmd: compileSnippet
  api=0 type=1 insize=982 outsize=6 kw=DIRECTIONAL SHADOWS_OFF LIGHTMAP_OFF DIRLIGHTMAP_OFF DYNAMICLIGHTMAP_OFF _ALPHABLEND_ON ok=1
Cmd: compileSnippet
  api=0 type=0 insize=938 outsize=5770 kw=DIRECTIONAL SHADOWS_OFF _ALPHABLEND_ON ok=1
Cmd: compileSnippet
  api=0 type=1 insize=938 outsize=6 kw=DIRECTIONAL SHADOWS_OFF _ALPHABLEND_ON ok=1
Cmd: compileSnippet
  api=0 type=0 insize=1705 outsize=541 kw=SOFTPARTICLES_OFF ok=1
Cmd: compileSnippet
  api=0 type=1 insize=1705 outsize=6 kw=SOFTPARTICLES_OFF ok=1
Cmd: compileSnippet
  api=0 type=0 insize=1706 outsize=611 kw=SOFTPARTICLES_OFF ok=1
Cmd: compileSnippet
  api=0 type=1 insize=1706 outsize=6 kw=SOFTPARTICLES_OFF ok=1
Cmd: compileSnippet
  api=0 type=0 insize=982 outsize=11658 kw=DIRECTIONAL SHADOWS_OFF LIGHTMAP_OFF DIRLIGHTMAP_OFF DYNAMICLIGHTMAP_OFF _NORMALMAP ok=1
Cmd: compileSnippet
  api=0 type=1 insize=982 outsize=6 kw=DIRECTIONAL SHADOWS_OFF LIGHTMAP_OFF DIRLIGHTMAP_OFF DYNAMICLIGHTMAP_OFF _NORMALMAP ok=1
Cmd: compileSnippet
  api=0 type=0 insize=938 outsize=6447 kw=DIRECTIONAL SHADOWS_OFF _NORMALMAP ok=1
Cmd: compileSnippet
  api=0 type=1 insize=938 outsize=6 kw=DIRECTIONAL SHADOWS_OFF _NORMALMAP ok=1
Cmd: compileSnippet
  api=0 type=0 insize=982 outsize=9937 kw=DIRECTIONAL SHADOWS_OFF LIGHTMAP_OFF DIRLIGHTMAP_OFF DYNAMICLIGHTMAP_OFF _METALLICGLOSSMAP ok=1
Cmd: compileSnippet
  api=0 type=1 insize=982 outsize=6 kw=DIRECTIONAL SHADOWS_OFF LIGHTMAP_OFF DIRLIGHTMAP_OFF DYNAMICLIGHTMAP_OFF _METALLICGLOSSMAP ok=1
Cmd: compileSnippet
  api=0 type=0 insize=938 outsize=5754 kw=DIRECTIONAL SHADOWS_OFF _METALLICGLOSSMAP ok=1
Cmd: compileSnippet
  api=0 type=1 insize=938 outsize=6 kw=DIRECTIONAL SHADOWS_OFF _METALLICGLOSSMAP ok=1
Cmd: compileSnippet
  api=0 type=0 insize=6731 outsize=2252 kw=DIRECTIONAL LIGHTMAP_OFF DIRLIGHTMAP_OFF DYNAMICLIGHTMAP_OFF ok=1
Cmd: compileSnippet
  api=0 type=1 insize=6731 outsize=6 kw=DIRECTIONAL LIGHTMAP_OFF DIRLIGHTMAP_OFF DYNAMICLIGHTMAP_OFF ok=1
Cmd: compileSnippet
  api=0 type=0 insize=3569 outsize=1441 kw=DIRECTIONAL ok=1
Cmd: compileSnippet
  api=0 type=1 insize=3569 outsize=6 kw=DIRECTIONAL ok=1
Cmd: compileSnippet
  api=0 type=0 insize=751 outsize=1893 kw=SHADOWS_DEPTH ok=1
Cmd: compileSnippet
  api=0 type=1 insize=751 outsize=6 kw=SHADOWS_DEPTH ok=1
Cmd: compileSnippet
  api=0 type=0 insize=977 outsize=11504 kw=DIRECTIONAL SHADOWS_OFF LIGHTMAP_OFF DIRLIGHTMAP_OFF DYNAMICLIGHTMAP_OFF _NORMALMAP _SPECGLOSSMAP ok=1
Cmd: compileSnippet
  api=0 type=1 insize=977 outsize=6 kw=DIRECTIONAL SHADOWS_OFF LIGHTMAP_OFF DIRLIGHTMAP_OFF DYNAMICLIGHTMAP_OFF _NORMALMAP _SPECGLOSSMAP ok=1
Cmd: compileSnippet
  api=0 type=0 insize=934 outsize=6299 kw=DIRECTIONAL SHADOWS_OFF _NORMALMAP _SPECGLOSSMAP ok=1
Cmd: compileSnippet
  api=0 type=1 insize=934 outsize=6 kw=DIRECTIONAL SHADOWS_OFF _NORMALMAP _SPECGLOSSMAP ok=1
